0 info it worked if it ends with ok
1 verbose cli [ 'C:\\Program Files\\nodejs\\\\node.exe',
1 verbose cli   'C:\\Program Files\\nodejs\\node_modules\\npm\\bin\\npm-cli.js',
1 verbose cli   'publish',
1 verbose cli   './' ]
2 info using npm@2.11.3
3 info using node@v0.12.7
4 verbose publish [ './' ]
5 silly cache add args [ './', null ]
6 verbose cache add spec ./
7 silly cache add parsed spec { raw: './',
7 silly cache add   scope: null,
7 silly cache add   name: null,
7 silly cache add   rawSpec: './',
7 silly cache add   spec: 'D:\\practice_code\\nodejs\\FileUpload',
7 silly cache add   type: 'directory' }
8 verbose addLocalDirectory C:\Users\nouman.ali\AppData\Roaming\npm-cache\multiplefileupload\1.0.0\package.tgz not in flight; packing
9 verbose tar pack [ 'C:\\Users\\nouman.ali\\AppData\\Roaming\\npm-cache\\multiplefileupload\\1.0.0\\package.tgz',
9 verbose tar pack   'D:\\practice_code\\nodejs\\FileUpload' ]
10 verbose tarball C:\Users\nouman.ali\AppData\Roaming\npm-cache\multiplefileupload\1.0.0\package.tgz
11 verbose folder D:\practice_code\nodejs\FileUpload
12 info prepublish multiplefileupload@1.0.0
13 verbose addLocalTarball adding from inside cache C:\Users\nouman.ali\AppData\Roaming\npm-cache\multiplefileupload\1.0.0\package.tgz
14 silly cache afterAdd multiplefileupload@1.0.0
15 verbose afterAdd C:\Users\nouman.ali\AppData\Roaming\npm-cache\multiplefileupload\1.0.0\package\package.json not in flight; writing
16 verbose afterAdd C:\Users\nouman.ali\AppData\Roaming\npm-cache\multiplefileupload\1.0.0\package\package.json written
17 silly publish { name: 'multiplefileupload',
17 silly publish   version: '1.0.0',
17 silly publish   description: 'multiple file uploads any type',
17 silly publish   main: 'index.js',
17 silly publish   scripts: { test: 'echo "Error: no test specified" && exit 1' },
17 silly publish   keywords: [],
17 silly publish   author:
17 silly publish    { name: 'nomi ali',
17 silly publish      email: 'noomiali@yahoo.com',
17 silly publish      url: 'http://www.stackoverflow.com/users/1716709/nomi-ali' },
17 silly publish   license: 'ISC',
17 silly publish   dependencies:
17 silly publish    { bluebird: '^2.10.2',
17 silly publish      'body-parser': '^1.14.1',
17 silly publish      express: '^4.13.3',
17 silly publish      fs: '0.0.2',
17 silly publish      multer: '^1.1.0',
17 silly publish      path: '^0.12.7' },
17 silly publish   devDependencies: {},
17 silly publish   readme: 'ERROR: No README data found!',
17 silly publish   _id: 'multiplefileupload@1.0.0',
17 silly publish   _shasum: '3c92233a40451d949e44c3f0d0a7e72236ded40b',
17 silly publish   _from: '.' }
18 verbose getPublishConfig undefined
19 silly mapToRegistry name multiplefileupload
20 silly mapToRegistry using default registry
21 silly mapToRegistry registry https://registry.npmjs.org/
22 silly mapToRegistry uri https://registry.npmjs.org/multiplefileupload
23 verbose publish registryBase https://registry.npmjs.org/
24 silly publish uploading C:\Users\nouman.ali\AppData\Roaming\npm-cache\multiplefileupload\1.0.0\package.tgz
25 verbose stack Error: auth required for publishing
25 verbose stack     at CachingRegistryClient.publish (C:\Program Files\nodejs\node_modules\npm\node_modules\npm-registry-client\lib\publish.js:30:14)
25 verbose stack     at C:\Program Files\nodejs\node_modules\npm\lib\publish.js:134:14
25 verbose stack     at mapToRegistry (C:\Program Files\nodejs\node_modules\npm\lib\utils\map-to-registry.js:55:3)
25 verbose stack     at publish_ (C:\Program Files\nodejs\node_modules\npm\lib\publish.js:104:3)
25 verbose stack     at Array.<anonymous> (C:\Program Files\nodejs\node_modules\npm\node_modules\slide\lib\bind-actor.js:15:8)
25 verbose stack     at LOOP (C:\Program Files\nodejs\node_modules\npm\node_modules\slide\lib\chain.js:15:14)
25 verbose stack     at LOOP (C:\Program Files\nodejs\node_modules\npm\node_modules\slide\lib\chain.js:14:28)
25 verbose stack     at chain (C:\Program Files\nodejs\node_modules\npm\node_modules\slide\lib\chain.js:20:5)
25 verbose stack     at C:\Program Files\nodejs\node_modules\npm\lib\publish.js:73:5
25 verbose stack     at RES (C:\Program Files\nodejs\node_modules\npm\node_modules\inflight\inflight.js:23:14)
26 verbose cwd D:\practice_code\nodejs\FileUpload
27 error Windows_NT 6.1.7601
28 error argv "C:\\Program Files\\nodejs\\\\node.exe" "C:\\Program Files\\nodejs\\node_modules\\npm\\bin\\npm-cli.js" "publish" "./"
29 error node v0.12.7
30 error npm  v2.11.3
31 error code ENEEDAUTH
32 error need auth auth required for publishing
32 error need auth You need to authorize this machine using `npm adduser`
33 verbose exit [ 1, true ]
